[33m❯[39m Building...
node.exe : [Notifica
tionSocket] No 
access token – 
cannot connect WS
At line:1 char:1
+ & "C:\Program File
s\nodejs/node.exe" 
"C:\Program Files\no
dejs/node_mo ...
+ ~~~~~~~~~~~~~~~~~~
~~~~~~~~~~~~~~~~~~~~
~~~~~~~~~~~~~~~~~~~~
~~~~~~~~~~~
    + CategoryInfo  
            : NotS  
  pecified: ([Not   
 ificationSo...n    
not connect WS:    
String) [], Rem    
oteException
    + FullyQualifie 
   dErrorId : Nati  
  veCommandError
 
🔍 canSubmit: {
  notSubmitting: true,
  hasContent: false,
  contentLength: 0,
  imageCount: 0
}
[FeedSocket] No 
access token – 
cannot connect WS
[NotificationSocket]
 No access token – 
cannot connect WS
(node:19756) 
[DEP0060] 
DeprecationWarning: 
The `util._extend` 
API is deprecated. 
Please use 
Object.assign() 
instead.
(Use `node 
--trace-deprecation 
...` to show where 
the warning was 
created)
(node:19756) 
[DEP0060] 
DeprecationWarning: 
The `util._extend` 
API is deprecated. 
Please use 
Object.assign() 
instead.
(Use `node 
--trace-deprecation 
...` to show where 
the warning was 
created)
Failed to load 
notifications: 
HttpErrorResponse {
  headers: 
_HttpHeaders {
    headers: 
Map(12) {
      
'cache-control' => 
[Array],
      'connection' 
=> [Array],
      
'content-length' => 
[Array],
      'date' => 
[Array],
      'expires' => 
[Array],
      'keep-alive' 
=> [Array],
      'pragma' => 
[Array],
      'vary' => 
[Array],
      
'www-authenticate' 
=> [Array],
      'x-content-typ
e-options' => 
[Array],
      
'x-frame-options' 
=> [Array],
      
'x-xss-protection' 
=> [Array]
    },
    
normalizedNames: 
Map(12) {
      
'cache-control' => 
'cache-control',
      'connection' 
=> 'connection',
      
'content-length' => 
'content-length',
      'date' => 
'date',
      'expires' => 
'expires',
      'keep-alive' 
=> 'keep-alive',
      'pragma' => 
'pragma',
      'vary' => 
'vary',
      
'www-authenticate' 
=> 
'www-authenticate',
      'x-content-typ
e-options' => 'x-con
tent-type-options',
      
'x-frame-options' 
=> 
'x-frame-options',
      
'x-xss-protection' 
=> 
'x-xss-protection'
    },
    lazyInit: 
undefined,
    lazyUpdate: null
  },
  status: 401,
  statusText: 
'Unknown Error',
  url: 'http://local
host:8080/api/notifi
cations?page=0&size=
20',
  ok: false,
  type: undefined,
  redirected: false,
  name: 
'HttpErrorResponse',
  message: 'Http 
failure response 
for http://localhost
:8080/api/notificati
ons?page=0&size=20: 
401 ',
  error: null
}
❌ Error loading 
feed: 
HttpErrorResponse {
  headers: 
_HttpHeaders {
    headers: 
Map(12) {
      
'cache-control' => 
[Array],
      'connection' 
=> [Array],
      
'content-length' => 
[Array],
      'date' => 
[Array],
      'expires' => 
[Array],
      'keep-alive' 
=> [Array],
      'pragma' => 
[Array],
      'vary' => 
[Array],
      
'www-authenticate' 
=> [Array],
      'x-content-typ
e-options' => 
[Array],
      
'x-frame-options' 
=> [Array],
      
'x-xss-protection' 
=> [Array]
    },
    
normalizedNames: 
Map(12) {
      
'cache-control' => 
'cache-control',
      'connection' 
=> 'connection',
      
'content-length' => 
'content-length',
      'date' => 
'date',
      'expires' => 
'expires',
      'keep-alive' 
=> 'keep-alive',
      'pragma' => 
'pragma',
      'vary' => 
'vary',
      
'www-authenticate' 
=> 
'www-authenticate',
      'x-content-typ
e-options' => 'x-con
tent-type-options',
      
'x-frame-options' 
=> 
'x-frame-options',
      
'x-xss-protection' 
=> 
'x-xss-protection'
    },
    lazyInit: 
undefined,
    lazyUpdate: null
  },
  status: 401,
  statusText: 
'Unknown Error',
  url: 'http://local
host:8080/api/posts/
feed?page=0&size=10'
,
  ok: false,
  type: undefined,
  redirected: false,
  name: 
'HttpErrorResponse',
  message: 'Http 
failure response 
for http://localhost
:8080/api/posts/feed
?page=0&size=10: 
401 ',
  error: null
}
[NotificationSocket]
 No access token – 
cannot connect WS
[NotificationSocket]
 No access token – 
cannot connect WS
🔍 canSubmit: {
  notSubmitting: true,
  hasContent: false,
  contentLength: 0,
  imageCount: 0
}
[FeedSocket] No 
access token – 
cannot connect WS
❌ Error loading 
feed: 
HttpErrorResponse {
  headers: 
_HttpHeaders {
    headers: 
Map(12) {
      
'cache-control' => 
[Array],
      'connection' 
=> [Array],
      
'content-length' => 
[Array],
      'date' => 
[Array],
      'expires' => 
[Array],
      'keep-alive' 
=> [Array],
      'pragma' => 
[Array],
      'vary' => 
[Array],
      
'www-authenticate' 
=> [Array],
      'x-content-typ
e-options' => 
[Array],
      
'x-frame-options' 
=> [Array],
      
'x-xss-protection' 
=> [Array]
    },
    
normalizedNames: 
Map(12) {
      
'cache-control' => 
'cache-control',
      'connection' 
=> 'connection',
      
'content-length' => 
'content-length',
      'date' => 
'date',
      'expires' => 
'expires',
      'keep-alive' 
=> 'keep-alive',
      'pragma' => 
'pragma',
      'vary' => 
'vary',
      
'www-authenticate' 
=> 
'www-authenticate',
      'x-content-typ
e-options' => 'x-con
tent-type-options',
      
'x-frame-options' 
=> 
'x-frame-options',
      
'x-xss-protection' 
=> 
'x-xss-protection'
    },
    lazyInit: 
undefined,
    lazyUpdate: null
  },
  status: 401,
  statusText: 
'Unknown Error',
  url: 'http://local
host:8080/api/posts/
feed?page=0&size=10'
,
  ok: false,
  type: undefined,
  redirected: false,
  name: 
'HttpErrorResponse',
  message: 'Http 
failure response 
for http://localhost
:8080/api/posts/feed
?page=0&size=10: 
401 ',
  error: null
}
[NotificationSocket]
 No access token – 
cannot connect WS
SSR detected, skipping data load
[NotificationSocket]
 No access token – 
cannot connect WS
Processing conversations with user: undefined Count: 0
Processing conversations with user: undefined Count: 0
Processing conversations with user: undefined Count: 0
(node:19756) 
[DEP0060] 
DeprecationWarning: 
The `util._extend` 
API is deprecated. 
Please use 
Object.assign() 
instead.
(Use `node 
--trace-deprecation 
...` to show where 
the warning was 
created)
(node:19756) 
[DEP0060] 
DeprecationWarning: 
The `util._extend` 
API is deprecated. 
Please use 
Object.assign() 
instead.
(Use `node 
--trace-deprecation 
...` to show where 
the warning was 
created)
Failed to load 
posts: 
HttpErrorResponse {
  headers: 
_HttpHeaders {
    headers: Map(5) 
{
      'connection' 
=> [Array],
      'date' => 
[Array],
      'keep-alive' 
=> [Array],
      
'transfer-encoding' 
=> [Array],
      
'x-powered-by' => 
[Array]
    },
    
normalizedNames: 
Map(5) {
      'connection' 
=> 'connection',
      'date' => 
'date',
      'keep-alive' 
=> 'keep-alive',
      
'transfer-encoding' 
=> 
'transfer-encoding',
      
'x-powered-by' => 
'x-powered-by'
    },
    lazyInit: 
undefined,
    lazyUpdate: null
  },
  status: 504,
  statusText: 
'Gateway Timeout',
  url: 'http://local
host:55336/api/admin
/posts',
  ok: false,
  type: undefined,
  redirected: false,
  name: 
'HttpErrorResponse',
  message: 'Http 
failure response 
for http://localhost
:55336/api/admin/pos
ts: 504 Gateway 
Timeout',
  error: 'Error 
occurred while 
trying to proxy: loc
alhost:55336/api/adm
in/posts'
}
Failed to load: 
HttpErrorResponse {
  headers: 
_HttpHeaders {
    headers: Map(5) 
{
      'connection' 
=> [Array],
      'date' => 
[Array],
      'keep-alive' 
=> [Array],
      
'transfer-encoding' 
=> [Array],
      
'x-powered-by' => 
[Array]
    },
    
normalizedNames: 
Map(5) {
      'connection' 
=> 'connection',
      'date' => 
'date',
      'keep-alive' 
=> 'keep-alive',
      
'transfer-encoding' 
=> 
'transfer-encoding',
      
'x-powered-by' => 
'x-powered-by'
    },
    lazyInit: 
undefined,
    lazyUpdate: null
  },
  status: 504,
  statusText: 
'Gateway Timeout',
  url: 'http://local
host:55334/api/admin
/comments',
  ok: false,
  type: undefined,
  redirected: false,
  name: 
'HttpErrorResponse',
  message: 'Http 
failure response 
for http://localhost
:55334/api/admin/com
ments: 504 Gateway 
Timeout',
  error: 'Error 
occurred while 
trying to proxy: loc
alhost:55334/api/adm
in/comments'
}
[NotificationSocket]
 No access token – 
cannot connect WS
Failed to load 
users: 
HttpErrorResponse {
  headers: 
_HttpHeaders {
    headers: Map(5) 
{
      'connection' 
=> [Array],
      'date' => 
[Array],
      'keep-alive' 
=> [Array],
      
'transfer-encoding' 
=> [Array],
      
'x-powered-by' => 
[Array]
    },
    
normalizedNames: 
Map(5) {
      'connection' 
=> 'connection',
      'date' => 
'date',
      'keep-alive' 
=> 'keep-alive',
      
'transfer-encoding' 
=> 
'transfer-encoding',
      
'x-powered-by' => 
'x-powered-by'
    },
    lazyInit: 
undefined,
    lazyUpdate: null
  },
  status: 504,
  statusText: 
'Gateway Timeout',
  url: 'http://local
host:55335/api/admin
/users',
  ok: false,
  type: undefined,
  redirected: false,
  name: 
'HttpErrorResponse',
  message: 'Http 
failure response 
for http://localhost
:55335/api/admin/use
rs: 504 Gateway 
Timeout',
  error: 'Error 
occurred while 
trying to proxy: loc
alhost:55335/api/adm
in/users'
}
Failed to load 
dashboard: 
HttpErrorResponse {
  headers: 
_HttpHeaders {
    headers: Map(5) 
{
      'connection' 
=> [Array],
      'date' => 
[Array],
      'keep-alive' 
=> [Array],
      
'transfer-encoding' 
=> [Array],
      
'x-powered-by' => 
[Array]
    },
    
normalizedNames: 
Map(5) {
      'connection' 
=> 'connection',
      'date' => 
'date',
      'keep-alive' 
=> 'keep-alive',
      
'transfer-encoding' 
=> 
'transfer-encoding',
      
'x-powered-by' => 
'x-powered-by'
    },
    lazyInit: 
undefined,
    lazyUpdate: null
  },
  status: 504,
  statusText: 
'Gateway Timeout',
  url: 'http://local
host:55333/api/admin
/dashboard',
  ok: false,
  type: undefined,
  redirected: false,
  name: 
'HttpErrorResponse',
  message: 'Http 
failure response 
for http://localhost
:55333/api/admin/das
hboard: 504 Gateway 
Timeout',
  error: 'Error 
occurred while 
trying to proxy: loc
alhost:55333/api/adm
in/dashboard'
}
[32m✔[39m Building...
[35mBrowser bundles[39m     
[1mInitial chunk files[22m [2m | [22m[1mNames[22m           [2m | [22m [1mRaw size[22m
[32mchunk-72ZSZXUZ.js[39m   [2m | [22m[2m-[22m               [2m | [22m  [36m1.67 MB[39m[2m | [22m
[32mmain.js[39m             [2m | [22m[2mmain[22m            [2m | [22m[36m932.66 kB[39m[2m | [22m
[32mstyles.css[39m          [2m | [22m[2mstyles[22m          [2m | [22m [36m92.00 kB[39m[2m | [22m

[1m [22m                   [2m | [22m[1mInitial total[22m   [2m | [22m  [1m2.69 MB[22m

[1mLazy chunk files[22m    [2m | [22m[1mNames[22m           [2m | [22m [1mRaw size[22m
[32mchunk-JSUO7PY7.js[39m   [2m | [22m[2madmin-routes[22m    [2m | [22m[36m524.29 kB[39m[2m | [22m


[35mServer bundles[39m      
[1mInitial chunk files[22m [2m | [22m[1mNames[22m           [2m | [22m [1mRaw size[22m
[32mserver.mjs[39m          [2m | [22m[2mserver[22m          [2m | [22m  [36m2.17 MB[39m[2m | [22m
[32mmain.server.mjs[39m     [2m | [22m[2mmain.server[22m     [2m | [22m  [36m1.89 MB[39m[2m | [22m
[32mchunk-NUQWIH7Y.mjs[39m  [2m | [22m[2m-[22m               [2m | [22m  [36m1.73 MB[39m[2m | [22m
[32mpolyfills.server.mjs[39m[2m | [22m[2mpolyfills.server[22m[2m | [22m[36m493.23 kB[39m[2m | [22m
[32mchunk-ML5XS5HX.mjs[39m  [2m | [22m[2m-[22m               [2m | [22m  [36m3.04 kB[39m[2m | [22m
[32mchunk-3II4UTYF.mjs[39m  [2m | [22m[2m-[22m               [2m | [22m  [36m2.81 kB[39m[2m | [22m

[1mLazy chunk files[22m    [2m | [22m[1mNames[22m           [2m | [22m [1mRaw size[22m
[32mchunk-2XCIPSRG.mjs[39m  [2m | [22m[2madmin-routes[22m    [2m | [22m[36m524.36 kB[39m[2m | [22m
[32mchunk-F5FD6IK3.mjs[39m  [2m | [22m[2mxhr2[22m            [2m | [22m [36m40.11 kB[39m[2m | [22m
[32mchunk-2N4ZL7DF.mjs[39m  [2m | [22m[2mxhr2[22m            [2m | [22m [36m40.04 kB[39m[2m | [22m

[35mPrerendered 13 static routes.[39m
Application bundle generation complete. [27.013 seconds] - 2025-12-29T17:18:12.193Z

Output location: D:\cuoikyweb\MiniSocialNetwork\MiniSocialNetwork_Fe\dist\MiniSocialNetwork_Fe

