[33m❯[39m Building...
🔍 canSubmit: {
node.exe : [Notifica
tionSocket] No 
access token – 
cannot connect WS
At line:1 char:1
+ & "C:\Program File
s\nodejs/node.exe" 
"C:\Program Files\no
dejs/node_mo ...
+ ~~~~~~~~~~~~~~~~~~
~~~~~~~~~~~~~~~~~~~~
~~~~~~~~~~~~~~~~~~~~
~~~~~~~~~~~
    + CategoryInfo  
            : NotS  
  pecified: ([Not   
 ificationSo...n    
not connect WS:    
String) [], Rem    
oteException
    + FullyQualifie 
   dErrorId : Nati  
  veCommandError
 
  notSubmitting: true,
  hasContent: false,
  contentLength: 0,
  imageCount: 0
}
[FeedSocket] No 
access token – 
cannot connect WS
[NotificationSocket]
 No access token – 
cannot connect WS
(node:17800) 
[DEP0060] 
DeprecationWarning: 
The `util._extend` 
API is deprecated. 
Please use 
Object.assign() 
instead.
(Use `node 
--trace-deprecation 
...` to show where 
the warning was 
created)
(node:17800) 
[DEP0060] 
DeprecationWarning: 
The `util._extend` 
API is deprecated. 
Please use 
Object.assign() 
instead.
(Use `node 
--trace-deprecation 
...` to show where 
the warning was 
created)
Failed to load 
posts: 
HttpErrorResponse {
  headers: 
_HttpHeaders {
    headers: Map(5) 
{
      'connection' 
=> [Array],
      'date' => 
[Array],
      'keep-alive' 
=> [Array],
      
'transfer-encoding' 
=> [Array],
      
'x-powered-by' => 
[Array]
    },
    
normalizedNames: 
Map(5) {
      'connection' 
=> 'connection',
      'date' => 
'date',
      'keep-alive' 
=> 'keep-alive',
      
'transfer-encoding' 
=> 
'transfer-encoding',
      
'x-powered-by' => 
'x-powered-by'
    },
    lazyInit: 
undefined,
    lazyUpdate: null
  },
  status: 504,
  statusText: 
'Gateway Timeout',
  url: 'http://local
host:62505/api/admin
/posts',
  ok: false,
  type: undefined,
  redirected: false,
  name: 
'HttpErrorResponse',
  message: 'Http 
failure response 
for http://localhost
:62505/api/admin/pos
ts: 504 Gateway 
Timeout',
  error: 'Error 
occurred while 
trying to proxy: loc
alhost:62505/api/adm
in/posts'
}
Failed to load: 
HttpErrorResponse {
  headers: 
_HttpHeaders {
    headers: Map(5) 
{
      'connection' 
=> [Array],
      'date' => 
[Array],
      'keep-alive' 
=> [Array],
      
'transfer-encoding' 
=> [Array],
      
'x-powered-by' => 
[Array]
    },
    
normalizedNames: 
Map(5) {
      'connection' 
=> 'connection',
      'date' => 
'date',
      'keep-alive' 
=> 'keep-alive',
      
'transfer-encoding' 
=> 
'transfer-encoding',
      
'x-powered-by' => 
'x-powered-by'
    },
    lazyInit: 
undefined,
    lazyUpdate: null
  },
  status: 504,
  statusText: 
'Gateway Timeout',
  url: 'http://local
host:62504/api/admin
/comments',
  ok: false,
  type: undefined,
  redirected: false,
  name: 
'HttpErrorResponse',
  message: 'Http 
failure response 
for http://localhost
:62504/api/admin/com
ments: 504 Gateway 
Timeout',
  error: 'Error 
occurred while 
trying to proxy: loc
alhost:62504/api/adm
in/comments'
}
[NotificationSocket]
 No access token – 
cannot connect WS
ERROR RuntimeError: 
NG0100: ExpressionCh
angedAfterItHasBeenC
heckedError: 
Expression has 
changed after it 
was checked. 
Previous value: 
'true'. Current 
value: 'false'. 
Expression 
location: _AdminDash
boardComponent 
component. Find 
more at https://v20.
angular.dev/errors/N
G0100
    at throwErrorIfN
oChangesMode (D:\cuo
ikyweb\MiniSocialNet
work\MiniSocialNetwo
rk_Fe\.angular\prere
nder-root\43f14eb6-6
52d-44da-9fc1-d4410f
11785d\node_modules\
@angular\core\fesm20
22\debug_node.mjs:64
42:11)
    at 
bindingUpdated (D:\c
uoikyweb\MiniSocialN
etwork\MiniSocialNet
work_Fe\.angular\pre
render-root\43f14eb6
-652d-44da-9fc1-d441
0f11785d\node_module
s\@angular\core\fesm
2022\debug_node.mjs:
14120:17)
    at ɵɵproperty (D
:\cuoikyweb\MiniSoci
alNetwork\MiniSocial
Network_Fe\.angular\
prerender-root\43f14
eb6-652d-44da-9fc1-d
4410f11785d\node_mod
ules\@angular\core\f
esm2022\debug_node.m
js:23390:9)
    at AdminDashboar
dComponent_Template 
(D:\cuoikyweb\MiniSo
cialNetwork\MiniSoci
alNetwork_Fe\.angula
r\prerender-root\43f
14eb6-652d-44da-9fc1
-d4410f11785d\src\ap
p\features\admin\pag
es\dashboard\admin-d
ashboard.component.t
s:61:39)
    at 
executeTemplate (D:\
cuoikyweb\MiniSocial
Network\MiniSocialNe
twork_Fe\.angular\pr
erender-root\43f14eb
6-652d-44da-9fc1-d44
10f11785d\node_modul
es\@angular\core\fes
m2022\debug_node.mjs
:9128:9)
    at refreshView (
D:\cuoikyweb\MiniSoc
ialNetwork\MiniSocia
lNetwork_Fe\.angular
\prerender-root\43f1
4eb6-652d-44da-9fc1-
d4410f11785d\node_mo
dules\@angular\core\
fesm2022\debug_node.
mjs:10164:13)
    at 
detectChangesInView 
(D:\cuoikyweb\MiniSo
cialNetwork\MiniSoci
alNetwork_Fe\.angula
r\prerender-root\43f
14eb6-652d-44da-9fc1
-d4410f11785d\node_m
odules\@angular\core
\fesm2022\debug_node
.mjs:10384:9)
    at detectChanges
InViewIfAttached (D:
\cuoikyweb\MiniSocia
lNetwork\MiniSocialN
etwork_Fe\.angular\p
rerender-root\43f14e
b6-652d-44da-9fc1-d4
410f11785d\node_modu
les\@angular\core\fe
sm2022\debug_node.mj
s:10344:5)
    at detectChanges
InComponent (D:\cuoi
kyweb\MiniSocialNetw
ork\MiniSocialNetwor
k_Fe\.angular\preren
der-root\43f14eb6-65
2d-44da-9fc1-d4410f1
1785d\node_modules\@
angular\core\fesm202
2\debug_node.mjs:103
32:5)
    at detectChanges
InChildComponents (D
:\cuoikyweb\MiniSoci
alNetwork\MiniSocial
Network_Fe\.angular\
prerender-root\43f14
eb6-652d-44da-9fc1-d
4410f11785d\node_mod
ules\@angular\core\f
esm2022\debug_node.m
js:10410:9) {
  code: -100
}
Failed to load post 
statistics: 
HttpErrorResponse {
  headers: 
_HttpHeaders {
    headers: Map(5) 
{
      'connection' 
=> [Array],
      'date' => 
[Array],
      'keep-alive' 
=> [Array],
      
'transfer-encoding' 
=> [Array],
      
'x-powered-by' => 
[Array]
    },
    
normalizedNames: 
Map(5) {
      'connection' 
=> 'connection',
      'date' => 
'date',
      'keep-alive' 
=> 'keep-alive',
      
'transfer-encoding' 
=> 
'transfer-encoding',
      
'x-powered-by' => 
'x-powered-by'
    },
    lazyInit: 
undefined,
    lazyUpdate: null
  },
  status: 504,
  statusText: 
'Gateway Timeout',
  url: 'http://local
host:62505/api/admin
/statistics/posts?da
ys=7',
  ok: false,
  type: undefined,
  redirected: false,
  name: 
'HttpErrorResponse',
  message: 'Http 
failure response 
for http://localhost
:62505/api/admin/sta
tistics/posts?days=7
: 504 Gateway 
Timeout',
  error: 'Error 
occurred while 
trying to proxy: loc
alhost:62505/api/adm
in/statistics/posts?
days=7'
}
Failed to load 
dashboard: 
HttpErrorResponse {
  headers: 
_HttpHeaders {
    headers: Map(5) 
{
      'connection' 
=> [Array],
      'date' => 
[Array],
      'keep-alive' 
=> [Array],
      
'transfer-encoding' 
=> [Array],
      
'x-powered-by' => 
[Array]
    },
    
normalizedNames: 
Map(5) {
      'connection' 
=> 'connection',
      'date' => 
'date',
      'keep-alive' 
=> 'keep-alive',
      
'transfer-encoding' 
=> 
'transfer-encoding',
      
'x-powered-by' => 
'x-powered-by'
    },
    lazyInit: 
undefined,
    lazyUpdate: null
  },
  status: 504,
  statusText: 
'Gateway Timeout',
  url: 'http://local
host:62505/api/admin
/dashboard',
  ok: false,
  type: undefined,
  redirected: false,
  name: 
'HttpErrorResponse',
  message: 'Http 
failure response 
for http://localhost
:62505/api/admin/das
hboard: 504 Gateway 
Timeout',
  error: 'Error 
occurred while 
trying to proxy: loc
alhost:62505/api/adm
in/dashboard'
}
[NotificationSocket]
 No access token – 
cannot connect WS
🔍 canSubmit: {
  notSubmitting: true,
  hasContent: false,
  contentLength: 0,
  imageCount: 0
}
[FeedSocket] No 
access token – 
cannot connect WS
❌ Error loading 
feed: 
HttpErrorResponse {
  headers: 
_HttpHeaders {
    headers: 
Map(12) {
      
'cache-control' => 
[Array],
      'connection' 
=> [Array],
      
'content-length' => 
[Array],
      'date' => 
[Array],
      'expires' => 
[Array],
      'keep-alive' 
=> [Array],
      'pragma' => 
[Array],
      'vary' => 
[Array],
      
'www-authenticate' 
=> [Array],
      'x-content-typ
e-options' => 
[Array],
      
'x-frame-options' 
=> [Array],
      
'x-xss-protection' 
=> [Array]
    },
    
normalizedNames: 
Map(12) {
      
'cache-control' => 
'cache-control',
      'connection' 
=> 'connection',
      
'content-length' => 
'content-length',
      'date' => 
'date',
      'expires' => 
'expires',
      'keep-alive' 
=> 'keep-alive',
      'pragma' => 
'pragma',
      'vary' => 
'vary',
      
'www-authenticate' 
=> 
'www-authenticate',
      'x-content-typ
e-options' => 'x-con
tent-type-options',
      
'x-frame-options' 
=> 
'x-frame-options',
      
'x-xss-protection' 
=> 
'x-xss-protection'
    },
    lazyInit: 
undefined,
    lazyUpdate: null
  },
  status: 401,
  statusText: 
'Unknown Error',
  url: 'http://local
host:8080/api/posts/
feed?page=0&size=10'
,
  ok: false,
  type: undefined,
  redirected: false,
  name: 
'HttpErrorResponse',
  message: 'Http 
failure response 
for http://localhost
:8080/api/posts/feed
?page=0&size=10: 
401 ',
  error: null
}
❌ Error loading 
feed: 
HttpErrorResponse {
  headers: 
_HttpHeaders {
    headers: 
Map(12) {
      
'cache-control' => 
[Array],
      'connection' 
=> [Array],
      
'content-length' => 
[Array],
      'date' => 
[Array],
      'expires' => 
[Array],
      'keep-alive' 
=> [Array],
      'pragma' => 
[Array],
      'vary' => 
[Array],
      
'www-authenticate' 
=> [Array],
      'x-content-typ
e-options' => 
[Array],
      
'x-frame-options' 
=> [Array],
      
'x-xss-protection' 
=> [Array]
    },
    
normalizedNames: 
Map(12) {
      
'cache-control' => 
'cache-control',
      'connection' 
=> 'connection',
      
'content-length' => 
'content-length',
      'date' => 
'date',
      'expires' => 
'expires',
      'keep-alive' 
=> 'keep-alive',
      'pragma' => 
'pragma',
      'vary' => 
'vary',
      
'www-authenticate' 
=> 
'www-authenticate',
      'x-content-typ
e-options' => 'x-con
tent-type-options',
      
'x-frame-options' 
=> 
'x-frame-options',
      
'x-xss-protection' 
=> 
'x-xss-protection'
    },
    lazyInit: 
undefined,
    lazyUpdate: null
  },
  status: 401,
  statusText: 
'Unknown Error',
  url: 'http://local
host:8080/api/posts/
feed?page=0&size=10'
,
  ok: false,
  type: undefined,
  redirected: false,
  name: 
'HttpErrorResponse',
  message: 'Http 
failure response 
for http://localhost
:8080/api/posts/feed
?page=0&size=10: 
401 ',
  error: null
}
Failed to load 
notifications: 
HttpErrorResponse {
  headers: 
_HttpHeaders {
    headers: 
Map(12) {
      
'cache-control' => 
[Array],
      'connection' 
=> [Array],
      
'content-length' => 
[Array],
      'date' => 
[Array],
      'expires' => 
[Array],
      'keep-alive' 
=> [Array],
      'pragma' => 
[Array],
      'vary' => 
[Array],
      
'www-authenticate' 
=> [Array],
      'x-content-typ
e-options' => 
[Array],
      
'x-frame-options' 
=> [Array],
      
'x-xss-protection' 
=> [Array]
    },
    
normalizedNames: 
Map(12) {
      
'cache-control' => 
'cache-control',
      'connection' 
=> 'connection',
      
'content-length' => 
'content-length',
      'date' => 
'date',
      'expires' => 
'expires',
      'keep-alive' 
=> 'keep-alive',
      'pragma' => 
'pragma',
      'vary' => 
'vary',
      
'www-authenticate' 
=> 
'www-authenticate',
      'x-content-typ
e-options' => 'x-con
tent-type-options',
      
'x-frame-options' 
=> 
'x-frame-options',
      
'x-xss-protection' 
=> 
'x-xss-protection'
    },
    lazyInit: 
undefined,
    lazyUpdate: null
  },
  status: 401,
  statusText: 
'Unknown Error',
  url: 'http://local
host:8080/api/notifi
cations?page=0&size=
20',
  ok: false,
  type: undefined,
  redirected: false,
  name: 
'HttpErrorResponse',
  message: 'Http 
failure response 
for http://localhost
:8080/api/notificati
ons?page=0&size=20: 
401 ',
  error: null
}
[NotificationSocket]
 No access token – 
cannot connect WS
SSR detected, skipping data load
[NotificationSocket]
 No access token – 
cannot connect WS
Processing conversations with user: undefined Count: 0
Processing conversations with user: undefined Count: 0
Processing conversations with user: undefined Count: 0
[NotificationSocket]
 No access token – 
cannot connect WS
(node:17800) 
[DEP0060] 
DeprecationWarning: 
The `util._extend` 
API is deprecated. 
Please use 
Object.assign() 
instead.
(Use `node 
--trace-deprecation 
...` to show where 
the warning was 
created)
Failed to load 
users: 
HttpErrorResponse {
  headers: 
_HttpHeaders {
    headers: Map(5) 
{
      'connection' 
=> [Array],
      'date' => 
[Array],
      'keep-alive' 
=> [Array],
      
'transfer-encoding' 
=> [Array],
      
'x-powered-by' => 
[Array]
    },
    
normalizedNames: 
Map(5) {
      'connection' 
=> 'connection',
      'date' => 
'date',
      'keep-alive' 
=> 'keep-alive',
      
'transfer-encoding' 
=> 
'transfer-encoding',
      
'x-powered-by' => 
'x-powered-by'
    },
    lazyInit: 
undefined,
    lazyUpdate: null
  },
  status: 504,
  statusText: 
'Gateway Timeout',
  url: 'http://local
host:62507/api/admin
/users',
  ok: false,
  type: undefined,
  redirected: false,
  name: 
'HttpErrorResponse',
  message: 'Http 
failure response 
for http://localhost
:62507/api/admin/use
rs: 504 Gateway 
Timeout',
  error: 'Error 
occurred while 
trying to proxy: loc
alhost:62507/api/adm
in/users'
}
[32m✔[39m Building...
[35mBrowser bundles[39m     
[1mInitial chunk files[22m [2m | [22m[1mNames[22m           [2m | [22m [1mRaw size[22m
[32mchunk-72ZSZXUZ.js[39m   [2m | [22m[2m-[22m               [2m | [22m  [36m1.67 MB[39m[2m | [22m
[32mmain.js[39m             [2m | [22m[2mmain[22m            [2m | [22m[36m932.66 kB[39m[2m | [22m
[32mstyles.css[39m          [2m | [22m[2mstyles[22m          [2m | [22m [36m92.00 kB[39m[2m | [22m

[1m [22m                   [2m | [22m[1mInitial total[22m   [2m | [22m  [1m2.69 MB[22m

[1mLazy chunk files[22m    [2m | [22m[1mNames[22m           [2m | [22m [1mRaw size[22m
[32mchunk-RUZT2KDL.js[39m   [2m | [22m[2madmin-routes[22m    [2m | [22m[36m523.72 kB[39m[2m | [22m


[35mServer bundles[39m      
[1mInitial chunk files[22m [2m | [22m[1mNames[22m           [2m | [22m [1mRaw size[22m
[32mserver.mjs[39m          [2m | [22m[2mserver[22m          [2m | [22m  [36m2.17 MB[39m[2m | [22m
[32mmain.server.mjs[39m     [2m | [22m[2mmain.server[22m     [2m | [22m  [36m1.89 MB[39m[2m | [22m
[32mchunk-NUQWIH7Y.mjs[39m  [2m | [22m[2m-[22m               [2m | [22m  [36m1.73 MB[39m[2m | [22m
[32mpolyfills.server.mjs[39m[2m | [22m[2mpolyfills.server[22m[2m | [22m[36m493.23 kB[39m[2m | [22m
[32mchunk-ML5XS5HX.mjs[39m  [2m | [22m[2m-[22m               [2m | [22m  [36m3.04 kB[39m[2m | [22m
[32mchunk-3II4UTYF.mjs[39m  [2m | [22m[2m-[22m               [2m | [22m  [36m2.81 kB[39m[2m | [22m

[1mLazy chunk files[22m    [2m | [22m[1mNames[22m           [2m | [22m [1mRaw size[22m
[32mchunk-4OYMN5IJ.mjs[39m  [2m | [22m[2madmin-routes[22m    [2m | [22m[36m523.80 kB[39m[2m | [22m
[32mchunk-F5FD6IK3.mjs[39m  [2m | [22m[2mxhr2[22m            [2m | [22m [36m40.11 kB[39m[2m | [22m
[32mchunk-2N4ZL7DF.mjs[39m  [2m | [22m[2mxhr2[22m            [2m | [22m [36m40.04 kB[39m[2m | [22m

[35mPrerendered 13 static routes.[39m
Application bundle generation complete. [53.606 seconds] - 2025-12-29T17:14:57.805Z

Output location: D:\cuoikyweb\MiniSocialNetwork\MiniSocialNetwork_Fe\dist\MiniSocialNetwork_Fe

